<?xml version="1.0" encoding="UTF-8" ?>
<testsuite tests="3" failures="3" name="DinicsTest.DinicsTest" time="0.002" errors="0" skipped="0">
  <properties>
[...]
</properties>
  <testcase classname="DinicsTest.DinicsTest" name="DinicsTest.DinicsTest.testUgly" time="0.002">
    <failure message="org/junit/Assert" type="java.lang.NoClassDefFoundError">java.lang.NoClassDefFoundError: org/junit/Assert
	at DinicsTest.DinicsTest.testUgly(DinicsTest.java:57)
Caused by: java.lang.ClassNotFoundException: org.junit.Assert
	at java.base/jdk.internal.loader.BuiltinClassLoader.loadClass(BuiltinClassLoader.java:636)
	at java.base/jdk.internal.loader.ClassLoaders$AppClassLoader.loadClass(ClassLoaders.java:182)
	at java.base/java.lang.ClassLoader.loadClass(ClassLoader.java:519)
	... 19 more
</failure>
  </testcase>
  <testcase classname="DinicsTest.DinicsTest" name="DinicsTest.DinicsTest.testBad" time="0">
    <failure message="Index 3 out of bounds for length 3" type="java.lang.ArrayIndexOutOfBoundsException">java.lang.ArrayIndexOutOfBoundsException: Index 3 out of bounds for length 3
	at Algorithm.Dinics.addEdge(Dinics.java:24)
	at DinicsTest.DinicsTest.testBad(DinicsTest.java:44)
</failure>
  </testcase>
  <testcase classname="DinicsTest.DinicsTest" name="DinicsTest.DinicsTest.testGood" time="0">
    <failure message="org/junit/Assert" type="java.lang.NoClassDefFoundError">java.lang.NoClassDefFoundError: org/junit/Assert
	at DinicsTest.DinicsTest.testGood(DinicsTest.java:39)
</failure>
  </testcase>
</testsuite>